Run Stats for experiment at: 04-16-2017 15:55:19
2864.0
2908.0
3228.0
3018.0
3178.0
2918.0
2794.0
2832.0
3183.0
2794.0
3016.0
3294.0
3240.0
3238.0
3079.0
3075.0
2832.0
2889.0
3133.0
2900.0
3051.0
2968.0
3146.0
3064.0
3155.0
2956.0
3034.0
3076.0
3096.0
3017.0
3282.0
3259.0
2903.0
3209.0
2918.0
3207.0
2802.0
3113.0
2907.0
2820.0
3144.0
2959.0
2898.0
3082.0
3074.0
3014.0
3058.0
3117.0
3156.0
2789.0
3276.0
2834.0
3183.0
2872.0
3328.0
2989.0
3164.0
3529.0
3229.0
3090.0
3017.0
3033.0
3230.0
3286.0
3012.0
3058.0
2848.0
3025.0
3207.0
3251.0
3151.0
3212.0
3146.0
2953.0
3197.0
3177.0
3152.0
3233.0
2849.0
3061.0
2902.0
3130.0
3253.0
3101.0
3021.0
2827.0
2981.0
2906.0
2859.0
3019.0
3154.0
3228.0
3177.0
3145.0
2863.0
2798.0
3047.0
2910.0
3153.0
3024.0
